TN:
SF:controllers/experimentController.js
FN:4,getPool
FN:16,(anonymous_1)
FN:52,(anonymous_2)
FN:72,(anonymous_3)
FN:101,(anonymous_4)
FN:145,(anonymous_5)
FN:175,(anonymous_6)
FN:200,(anonymous_7)
FN:214,(anonymous_8)
FN:220,(anonymous_9)
FN:245,(anonymous_10)
FN:267,(anonymous_11)
FNF:12
FNH:12
FNDA:16,getPool
FNDA:3,(anonymous_1)
FNDA:3,(anonymous_2)
FNDA:2,(anonymous_3)
FNDA:3,(anonymous_4)
FNDA:2,(anonymous_5)
FNDA:7,(anonymous_6)
FNDA:15,(anonymous_7)
FNDA:10,(anonymous_8)
FNDA:10,(anonymous_9)
FNDA:1,(anonymous_10)
FNDA:2,(anonymous_11)
DA:1,1
DA:2,1
DA:5,16
DA:6,16
DA:8,0
DA:9,0
DA:10,0
DA:12,0
DA:15,1
DA:17,3
DA:18,3
DA:20,3
DA:21,1
DA:27,2
DA:28,2
DA:33,1
DA:44,1
DA:45,1
DA:53,3
DA:54,3
DA:55,3
DA:59,1
DA:64,2
DA:65,2
DA:73,2
DA:74,2
DA:75,2
DA:76,2
DA:81,2
DA:82,1
DA:88,1
DA:93,0
DA:94,0
DA:102,3
DA:103,3
DA:104,3
DA:106,3
DA:107,1
DA:113,2
DA:114,2
DA:119,2
DA:120,1
DA:126,1
DA:137,0
DA:138,0
DA:146,2
DA:147,2
DA:148,2
DA:150,2
DA:155,2
DA:156,1
DA:162,1
DA:167,0
DA:168,0
DA:176,7
DA:177,7
DA:179,7
DA:180,2
DA:186,5
DA:187,1
DA:193,4
DA:194,1
DA:200,3
DA:201,15
DA:207,3
DA:208,1
DA:214,10
DA:220,10
DA:221,2
DA:223,2
DA:224,2
DA:229,1
DA:237,1
DA:238,1
DA:246,1
DA:247,1
DA:248,1
DA:249,1
DA:254,1
DA:259,0
DA:260,0
DA:268,2
DA:269,2
DA:270,2
DA:272,2
DA:277,2
DA:278,1
DA:284,1
DA:286,1
DA:287,0
DA:290,1
DA:297,0
DA:298,0
DA:306,1
LF:94
LH:79
BRDA:5,0,0,16
BRDA:5,0,1,0
BRDA:9,1,0,0
BRDA:9,1,1,0
BRDA:20,2,0,1
BRDA:20,2,1,2
BRDA:20,3,0,3
BRDA:20,3,1,3
BRDA:20,3,2,2
BRDA:30,4,0,2
BRDA:30,4,1,1
BRDA:47,5,0,1
BRDA:47,5,1,0
BRDA:67,6,0,2
BRDA:67,6,1,0
BRDA:81,7,0,1
BRDA:81,7,1,1
BRDA:96,8,0,0
BRDA:96,8,1,0
BRDA:106,9,0,1
BRDA:106,9,1,2
BRDA:106,10,0,3
BRDA:106,10,1,3
BRDA:106,10,2,2
BRDA:116,11,0,2
BRDA:116,11,1,1
BRDA:119,12,0,1
BRDA:119,12,1,1
BRDA:140,13,0,0
BRDA:140,13,1,0
BRDA:155,14,0,1
BRDA:155,14,1,1
BRDA:170,15,0,0
BRDA:170,15,1,0
BRDA:179,16,0,2
BRDA:179,16,1,5
BRDA:179,17,0,7
BRDA:179,17,1,6
BRDA:179,17,2,6
BRDA:186,18,0,1
BRDA:186,18,1,4
BRDA:193,19,0,1
BRDA:193,19,1,3
BRDA:201,20,0,15
BRDA:201,20,1,15
BRDA:201,20,2,14
BRDA:201,20,3,14
BRDA:207,21,0,1
BRDA:207,21,1,2
BRDA:240,22,0,1
BRDA:240,22,1,0
BRDA:262,23,0,0
BRDA:262,23,1,0
BRDA:277,24,0,1
BRDA:277,24,1,1
BRDA:286,25,0,0
BRDA:286,25,1,1
BRDA:300,26,0,0
BRDA:300,26,1,0
BRF:59
BRH:42
end_of_record
TN:
SF:utils/phaseTransitionCalculator.js
FN:1,calculatePhaseTransition
FN:6,(anonymous_1)
FN:37,(anonymous_2)
FN:51,(anonymous_3)
FN:65,(anonymous_4)
FN:82,(anonymous_5)
FN:88,findPeaks
FN:105,(anonymous_7)
FN:108,(anonymous_8)
FN:114,(anonymous_9)
FN:117,smoothData
FNF:11
FNH:11
FNDA:28,calculatePhaseTransition
FNDA:521,(anonymous_1)
FNDA:485,(anonymous_2)
FNDA:160,(anonymous_3)
FNDA:137,(anonymous_4)
FNDA:508,(anonymous_5)
FNDA:23,findPeaks
FNDA:213,(anonymous_7)
FNDA:1011,(anonymous_8)
FNDA:143,(anonymous_9)
FNDA:23,smoothData
DA:2,28
DA:3,5
DA:6,521
DA:8,23
DA:9,23
DA:11,23
DA:12,509
DA:13,509
DA:14,509
DA:15,508
DA:24,23
DA:25,0
DA:28,23
DA:29,23
DA:30,485
DA:37,485
DA:39,23
DA:40,23
DA:42,23
DA:43,23
DA:45,23
DA:47,23
DA:48,0
DA:51,23
DA:52,160
DA:53,160
DA:65,137
DA:67,23
DA:68,21
DA:69,21
DA:70,14
DA:74,23
DA:82,508
DA:89,23
DA:91,23
DA:92,398
DA:95,230
DA:98,230
DA:99,206
DA:103,23
DA:104,23
DA:105,213
DA:107,23
DA:108,1011
DA:109,206
DA:110,160
DA:114,143
DA:118,23
DA:119,23
DA:121,23
DA:122,485
DA:123,485
DA:124,485
DA:125,1409
DA:126,1409
DA:128,485
DA:131,23
DA:134,4
LF:58
LH:56
BRDA:2,0,0,5
BRDA:2,0,1,23
BRDA:2,1,0,28
BRDA:2,1,1,28
BRDA:14,2,0,508
BRDA:14,2,1,1
BRDA:24,3,0,0
BRDA:24,3,1,23
BRDA:47,4,0,0
BRDA:47,4,1,23
BRDA:52,5,0,160
BRDA:52,5,1,0
BRDA:67,6,0,21
BRDA:67,6,1,2
BRDA:69,7,0,14
BRDA:69,7,1,7
BRDA:92,8,0,168
BRDA:92,8,1,230
BRDA:95,9,0,230
BRDA:95,9,1,215
BRDA:95,9,2,215
BRDA:95,9,3,202
BRDA:98,10,0,206
BRDA:98,10,1,24
BRDA:109,11,0,160
BRDA:109,11,1,46
BRF:26
BRH:23
end_of_record
