TN:
SF:controllers/experimentController.js
FN:4,getPool
FN:16,(anonymous_1)
FN:52,(anonymous_2)
FN:72,(anonymous_3)
FN:101,(anonymous_4)
FN:145,(anonymous_5)
FN:175,(anonymous_6)
FN:200,(anonymous_7)
FN:214,(anonymous_8)
FN:220,(anonymous_9)
FN:245,(anonymous_10)
FN:267,(anonymous_11)
FNF:12
FNH:12
FNDA:16,getPool
FNDA:3,(anonymous_1)
FNDA:3,(anonymous_2)
FNDA:2,(anonymous_3)
FNDA:3,(anonymous_4)
FNDA:2,(anonymous_5)
FNDA:7,(anonymous_6)
FNDA:15,(anonymous_7)
FNDA:10,(anonymous_8)
FNDA:10,(anonymous_9)
FNDA:1,(anonymous_10)
FNDA:2,(anonymous_11)
DA:1,1
DA:2,1
DA:5,16
DA:6,16
DA:8,0
DA:9,0
DA:10,0
DA:12,0
DA:15,1
DA:17,3
DA:18,3
DA:20,3
DA:21,1
DA:27,2
DA:28,2
DA:33,1
DA:44,1
DA:45,1
DA:53,3
DA:54,3
DA:55,3
DA:59,1
DA:64,2
DA:65,2
DA:73,2
DA:74,2
DA:75,2
DA:76,2
DA:81,2
DA:82,1
DA:88,1
DA:93,0
DA:94,0
DA:102,3
DA:103,3
DA:104,3
DA:106,3
DA:107,1
DA:113,2
DA:114,2
DA:119,2
DA:120,1
DA:126,1
DA:137,0
DA:138,0
DA:146,2
DA:147,2
DA:148,2
DA:150,2
DA:155,2
DA:156,1
DA:162,1
DA:167,0
DA:168,0
DA:176,7
DA:177,7
DA:179,7
DA:180,2
DA:186,5
DA:187,1
DA:193,4
DA:194,1
DA:200,3
DA:201,15
DA:207,3
DA:208,1
DA:214,10
DA:220,10
DA:221,2
DA:223,2
DA:224,2
DA:229,1
DA:237,1
DA:238,1
DA:246,1
DA:247,1
DA:248,1
DA:249,1
DA:254,1
DA:259,0
DA:260,0
DA:268,2
DA:269,2
DA:270,2
DA:272,2
DA:277,2
DA:278,1
DA:284,1
DA:286,1
DA:287,0
DA:290,1
DA:297,0
DA:298,0
DA:306,1
LF:94
LH:79
BRDA:5,0,0,16
BRDA:5,0,1,0
BRDA:9,1,0,0
BRDA:9,1,1,0
BRDA:20,2,0,1
BRDA:20,2,1,2
BRDA:20,3,0,3
BRDA:20,3,1,3
BRDA:20,3,2,2
BRDA:30,4,0,2
BRDA:30,4,1,1
BRDA:47,5,0,1
BRDA:47,5,1,0
BRDA:67,6,0,2
BRDA:67,6,1,0
BRDA:81,7,0,1
BRDA:81,7,1,1
BRDA:96,8,0,0
BRDA:96,8,1,0
BRDA:106,9,0,1
BRDA:106,9,1,2
BRDA:106,10,0,3
BRDA:106,10,1,3
BRDA:106,10,2,2
BRDA:116,11,0,2
BRDA:116,11,1,1
BRDA:119,12,0,1
BRDA:119,12,1,1
BRDA:140,13,0,0
BRDA:140,13,1,0
BRDA:155,14,0,1
BRDA:155,14,1,1
BRDA:170,15,0,0
BRDA:170,15,1,0
BRDA:179,16,0,2
BRDA:179,16,1,5
BRDA:179,17,0,7
BRDA:179,17,1,6
BRDA:179,17,2,6
BRDA:186,18,0,1
BRDA:186,18,1,4
BRDA:193,19,0,1
BRDA:193,19,1,3
BRDA:201,20,0,15
BRDA:201,20,1,15
BRDA:201,20,2,14
BRDA:201,20,3,14
BRDA:207,21,0,1
BRDA:207,21,1,2
BRDA:240,22,0,1
BRDA:240,22,1,0
BRDA:262,23,0,0
BRDA:262,23,1,0
BRDA:277,24,0,1
BRDA:277,24,1,1
BRDA:286,25,0,0
BRDA:286,25,1,1
BRDA:300,26,0,0
BRDA:300,26,1,0
BRF:59
BRH:42
end_of_record
TN:
SF:utils/phaseTransitionCalculator.js
FN:1,calculatePhaseTransition
FN:6,(anonymous_1)
FN:37,(anonymous_2)
FN:71,(anonymous_3)
FN:76,smoothData
FNF:5
FNH:5
FNDA:24,calculatePhaseTransition
FNDA:363,(anonymous_1)
FNDA:331,(anonymous_2)
FNDA:350,(anonymous_3)
FNDA:19,smoothData
DA:2,24
DA:3,5
DA:6,363
DA:8,19
DA:9,19
DA:11,19
DA:12,351
DA:13,351
DA:14,351
DA:15,350
DA:24,19
DA:25,0
DA:28,19
DA:29,19
DA:30,331
DA:37,331
DA:39,19
DA:40,19
DA:41,19
DA:42,19
DA:44,19
DA:45,272
DA:46,26
DA:47,26
DA:51,19
DA:53,19
DA:54,0
DA:57,19
DA:58,19
DA:60,19
DA:71,350
DA:77,19
DA:78,19
DA:80,19
DA:81,331
DA:82,331
DA:83,331
DA:84,955
DA:85,955
DA:87,331
DA:90,19
DA:93,4
LF:42
LH:40
BRDA:2,0,0,5
BRDA:2,0,1,19
BRDA:2,1,0,24
BRDA:2,1,1,24
BRDA:14,2,0,350
BRDA:14,2,1,1
BRDA:24,3,0,0
BRDA:24,3,1,19
BRDA:45,4,0,26
BRDA:45,4,1,246
BRDA:51,5,0,19
BRDA:51,5,1,0
BRDA:53,6,0,0
BRDA:53,6,1,19
BRF:14
BRH:11
end_of_record
